<?xml version="1.0" encoding="UTF-8"?>
<testng-results skipped="0" failed="0" ignored="0" total="9" passed="9">
  <reporter-output>
  </reporter-output>
  <suite name="Suite" duration-ms="23965" started-at="2020-09-12T22:04:23Z" finished-at="2020-09-12T22:04:47Z">
    <groups>
    </groups>
    <test name="Test" duration-ms="23965" started-at="2020-09-12T22:04:23Z" finished-at="2020-09-12T22:04:47Z">
      <class name="Quantinsti.AddCourse">
        <test-method status="PASS" signature="openbrowser(java.lang.String)[pri:1, instance:Quantinsti.AddCourse@ae45eb6]" name="openbrowser" duration-ms="5118" started-at="2020-09-13T03:34:23Z" finished-at="2020-09-13T03:34:29Z">
          <params>
            <param index="0">
              <value>
                <![CDATA[chrome]]>
              </value>
            </param>
          </params>
          <reporter-output>
          </reporter-output>
        </test-method> <!-- openbrowser -->
        <test-method status="PASS" signature="Login(java.lang.String, java.lang.String, java.lang.String)[pri:2, instance:Quantinsti.AddCourse@ae45eb6]" name="Login" duration-ms="11002" started-at="2020-09-13T03:34:29Z" finished-at="2020-09-13T03:34:40Z">
          <params>
            <param index="0">
              <value>
                <![CDATA[https://quantra.quantinsti.com]]>
              </value>
            </param>
            <param index="1">
              <value>
                <![CDATA[ahire.vrushali@gmail.com]]>
              </value>
            </param>
            <param index="2">
              <value>
                <![CDATA[Quant1@123]]>
              </value>
            </param>
          </params>
          <reporter-output>
          </reporter-output>
        </test-method> <!-- Login -->
        <test-method status="PASS" signature="NavigatetoCourse()[pri:3, instance:Quantinsti.AddCourse@ae45eb6]" name="NavigatetoCourse" duration-ms="460" started-at="2020-09-13T03:34:40Z" finished-at="2020-09-13T03:34:40Z">
          <reporter-output>
          </reporter-output>
        </test-method> <!-- NavigatetoCourse -->
        <test-method status="PASS" signature="verifyNameAndPrice()[pri:4, instance:Quantinsti.AddCourse@ae45eb6]" name="verifyNameAndPrice" duration-ms="911" started-at="2020-09-13T03:34:40Z" finished-at="2020-09-13T03:34:41Z">
          <reporter-output>
          </reporter-output>
        </test-method> <!-- verifyNameAndPrice -->
        <test-method status="PASS" signature="enrollAndVerifyCount()[pri:5, instance:Quantinsti.AddCourse@ae45eb6]" name="enrollAndVerifyCount" duration-ms="1203" started-at="2020-09-13T03:34:41Z" finished-at="2020-09-13T03:34:42Z">
          <reporter-output>
          </reporter-output>
        </test-method> <!-- enrollAndVerifyCount -->
        <test-method status="PASS" signature="Amount()[pri:6, instance:Quantinsti.AddCourse@ae45eb6]" name="Amount" duration-ms="67" started-at="2020-09-13T03:34:42Z" finished-at="2020-09-13T03:34:42Z">
          <reporter-output>
          </reporter-output>
        </test-method> <!-- Amount -->
        <test-method status="PASS" signature="veiwDetails()[pri:7, instance:Quantinsti.AddCourse@ae45eb6]" name="veiwDetails" duration-ms="1252" started-at="2020-09-13T03:34:42Z" finished-at="2020-09-13T03:34:43Z">
          <reporter-output>
          </reporter-output>
        </test-method> <!-- veiwDetails -->
        <test-method status="PASS" signature="RemoveCourseAndApplyCoupon()[pri:8, instance:Quantinsti.AddCourse@ae45eb6]" name="RemoveCourseAndApplyCoupon" duration-ms="3242" started-at="2020-09-13T03:34:43Z" finished-at="2020-09-13T03:34:47Z">
          <reporter-output>
          </reporter-output>
        </test-method> <!-- RemoveCourseAndApplyCoupon -->
        <test-method status="PASS" signature="signout()[pri:9, instance:Quantinsti.AddCourse@ae45eb6]" name="signout" duration-ms="659" started-at="2020-09-13T03:34:47Z" finished-at="2020-09-13T03:34:47Z">
          <reporter-output>
          </reporter-output>
        </test-method> <!-- signout -->
      </class> <!-- Quantinsti.AddCourse -->
    </test> <!-- Test -->
  </suite> <!-- Suite -->
</testng-results>
